<?xml version="1.0" encoding="UTF-8"?>
<!-- Generated by org.testng.reporters.JUnitReportReporter -->
<testsuite hostname="LAPTOP-8SH76CLT" failures="0" tests="1" name="com.tmb.tests.OrangeHRMLeaveFeatureTest" time="21.083" errors="0" timestamp="2022-03-24T13:58:12 IST" skipped="0">
  <testcase classname="com.tmb.tests.OrangeHRMLeaveFeatureTest" name="leaveFeatureTest" time="21.083"/>
  <system-out/>
</testsuite> <!-- com.tmb.tests.OrangeHRMLeaveFeatureTest -->
