<?xml version="1.0" encoding="UTF-8"?>
<!-- Generated by org.testng.reporters.JUnitReportReporter -->
<testsuite hostname="LAPTOP-8SH76CLT" failures="0" tests="1" name="com.tmb.tests.OrangeHRMTests" time="13.009" errors="0" timestamp="2022-03-08T14:31:03 IST" skipped="0">
  <testcase classname="com.tmb.tests.OrangeHRMTests" name="loginLogOutTest" time="13.009"/>
  <system-out/>
</testsuite> <!-- com.tmb.tests.OrangeHRMTests -->
