<?xml version="1.0" encoding="UTF-8"?>
<!-- Generated by org.testng.reporters.JUnitReportReporter -->
<testsuite hostname="LAPTOP-8SH76CLT" failures="0" tests="1" name="com.tmb.tests.OrangeHRMLeaveFeatureTest" time="18.140" errors="0" timestamp="2022-03-15T09:25:01 IST" skipped="0">
  <testcase classname="com.tmb.tests.OrangeHRMLeaveFeatureTest" name="leaveFeatureTest" time="18.140"/>
  <system-out/>
</testsuite> <!-- com.tmb.tests.OrangeHRMLeaveFeatureTest -->
