<?xml version="1.0" encoding="UTF-8"?>
<!-- Generated by org.testng.reporters.JUnitReportReporter -->
<testsuite hostname="LAPTOP-8SH76CLT" failures="0" tests="1" name="com.tmb.tests.HomePageTests" time="14.331" errors="0" timestamp="2022-02-24T14:28:35 IST" skipped="0">
  <testcase classname="com.tmb.tests.HomePageTests" name="test3" time="14.331"/>
  <system-out/>
</testsuite> <!-- com.tmb.tests.HomePageTests -->
