<?xml version="1.0" encoding="UTF-8"?>
<!-- Generated by org.testng.reporters.JUnitReportReporter -->
<testsuite hostname="LAPTOP-8SH76CLT" failures="0" tests="1" name="com.tmb.tests.HomePageTests" time="22.044" errors="0" timestamp="2022-02-28T11:12:25 IST" skipped="0">
  <testcase classname="com.tmb.tests.HomePageTests" name="test3" time="22.044"/>
  <system-out/>
</testsuite> <!-- com.tmb.tests.HomePageTests -->
