<?xml version="1.0" encoding="UTF-8"?>
<!-- Generated by org.testng.reporters.JUnitReportReporter -->
<testsuite hostname="LAPTOP-8SH76CLT" failures="0" tests="1" name="com.tmb.tests.LoginPageTests" time="13.339" errors="0" timestamp="2022-02-19T20:28:31 IST" skipped="0">
  <testcase classname="com.tmb.tests.LoginPageTests" name="test1" time="13.339"/>
  <system-out/>
</testsuite> <!-- com.tmb.tests.LoginPageTests -->
