<?xml version="1.0" encoding="UTF-8"?>
<!-- Generated by org.testng.reporters.JUnitReportReporter -->
<testsuite hostname="LAPTOP-8SH76CLT" failures="0" tests="1" name="com.tmb.tests.LoginPageTests" time="14.347" errors="0" timestamp="2022-02-24T14:28:35 IST" skipped="0">
  <testcase classname="com.tmb.tests.LoginPageTests" name="test1" time="14.347"/>
  <system-out/>
</testsuite> <!-- com.tmb.tests.LoginPageTests -->
