<?xml version="1.0" encoding="UTF-8"?>
<!-- Generated by org.testng.reporters.JUnitReportReporter -->
<testsuite hostname="LAPTOP-8SH76CLT" failures="0" tests="1" name="com.tmb.tests.OrangeHRMTests" time="12.895" errors="0" timestamp="2022-02-25T16:19:10 IST" skipped="0">
  <testcase classname="com.tmb.tests.OrangeHRMTests" name="loginLogOutTest" time="12.895"/>
  <system-out/>
</testsuite> <!-- com.tmb.tests.OrangeHRMTests -->
