<?xml version="1.0" encoding="UTF-8"?>
<!-- Generated by org.testng.reporters.JUnitReportReporter -->
<testsuite hostname="LAPTOP-8SH76CLT" failures="0" tests="1" name="com.tmb.tests.LoginPageTests" time="16.711" errors="0" timestamp="2022-03-06T12:54:19 IST" skipped="0">
  <testcase classname="com.tmb.tests.LoginPageTests" name="test1" time="16.711"/>
  <system-out/>
</testsuite> <!-- com.tmb.tests.LoginPageTests -->
