<?xml version="1.0" encoding="UTF-8"?>
<!-- Generated by org.testng.reporters.JUnitReportReporter -->
<testsuite hostname="LAPTOP-8SH76CLT" failures="0" tests="1" name="com.tmb.tests.LoginPageTests" time="16.745" errors="0" timestamp="2022-02-23T13:15:57 IST" skipped="0">
  <testcase classname="com.tmb.tests.LoginPageTests" name="test1" time="16.745"/>
  <system-out/>
</testsuite> <!-- com.tmb.tests.LoginPageTests -->
